mode: set
github.com/whaangbuu/timeago/timeago.go:8.35,11.14 2 1
github.com/whaangbuu/timeago/timeago.go:24.2,24.52 1 0
github.com/whaangbuu/timeago/timeago.go:11.14,13.3 1 0
github.com/whaangbuu/timeago/timeago.go:13.8,13.23 1 1
github.com/whaangbuu/timeago/timeago.go:13.23,15.3 1 1
github.com/whaangbuu/timeago/timeago.go:15.8,15.26 1 0
github.com/whaangbuu/timeago/timeago.go:15.26,17.3 1 0
github.com/whaangbuu/timeago/timeago.go:17.8,17.27 1 0
github.com/whaangbuu/timeago/timeago.go:17.27,19.3 1 0
github.com/whaangbuu/timeago/timeago.go:19.8,19.28 1 0
github.com/whaangbuu/timeago/timeago.go:19.28,21.3 1 0
github.com/whaangbuu/timeago/timeago.go:21.8,21.29 1 0
github.com/whaangbuu/timeago/timeago.go:21.29,23.3 1 0
