mode: set
github.com/whaangbuu/timeago/timeago.go:8.32,12.19 2 1
github.com/whaangbuu/timeago/timeago.go:25.2,25.53 1 0
github.com/whaangbuu/timeago/timeago.go:12.19,14.3 1 0
github.com/whaangbuu/timeago/timeago.go:14.8,14.28 1 1
github.com/whaangbuu/timeago/timeago.go:14.28,16.3 1 1
github.com/whaangbuu/timeago/timeago.go:16.8,16.31 1 0
github.com/whaangbuu/timeago/timeago.go:16.31,18.3 1 0
github.com/whaangbuu/timeago/timeago.go:18.8,18.32 1 0
github.com/whaangbuu/timeago/timeago.go:18.32,20.3 1 0
github.com/whaangbuu/timeago/timeago.go:20.8,20.33 1 0
github.com/whaangbuu/timeago/timeago.go:20.33,22.3 1 0
github.com/whaangbuu/timeago/timeago.go:22.8,22.34 1 0
github.com/whaangbuu/timeago/timeago.go:22.34,24.3 1 0
